C51 COMPILER V9.56.0.0   C_FILE                                                            04/12/2018 02:45:39 PAGE 1   


C51 COMPILER V9.56.0.0, COMPILATION OF MODULE C_FILE
OBJECT MODULE PLACED IN .\Objects\c_file.obj
COMPILER INVOKED BY: C:\Keil_v5\C51\BIN\C51.EXE c_file.c OPTIMIZE(8,SPEED) BROWSE DEBUG OBJECTEXTEND PRINT(.\Listings\c_
                    -file.lst) TABS(2) OBJECT(.\Objects\c_file.obj)

line level    source

   1          #include<reg51.h>
   2          sbit led=P2^0;
   3          
   4          void delay(unsigned int );
   5          void main()
   6          { 
   7   1        led=0;
   8   1        while(1)
   9   1        { 
  10   2          
  11   2            led=1;
  12   2            delay(100);
  13   2            
  14   2            led=0;
  15   2            delay(100);
  16   2       
  17   2          }
  18   1           
  19   1        
  20   1      }
  21          
  22          void delay(unsigned int k)
  23          {
  24   1        for(k=0;k<1200;k++);
  25   1      }


MODULE INFORMATION:   STATIC OVERLAYABLE
   CODE SIZE        =     37    ----
   CONSTANT SIZE    =   ----    ----
   XDATA SIZE       =   ----    ----
   PDATA SIZE       =   ----    ----
   DATA SIZE        =   ----    ----
   IDATA SIZE       =   ----    ----
   BIT SIZE         =   ----    ----
END OF MODULE INFORMATION.


C51 COMPILATION COMPLETE.  0 WARNING(S),  0 ERROR(S)
